2026-05-13 18:23:43,776 [myid:] - INFO  [main:o.a.z.s.q.QuorumPeerConfig@177] - Reading configuration from: /mnt/c/Users/李安璟/Desktop/Distributed-MiniSQL/apache-zookeeper-3.8.1-bin/bin/../conf/zoo.cfg
2026-05-13 18:23:43,794 [myid:] - INFO  [main:o.a.z.s.q.QuorumPeerConfig@440] - clientPortAddress is 0.0.0.0:2181
2026-05-13 18:23:43,796 [myid:] - INFO  [main:o.a.z.s.q.QuorumPeerConfig@444] - secureClientPort is not set
2026-05-13 18:23:43,797 [myid:] - INFO  [main:o.a.z.s.q.QuorumPeerConfig@460] - observerMasterPort is not set
2026-05-13 18:23:43,797 [myid:] - INFO  [main:o.a.z.s.q.QuorumPeerConfig@477] - metricsProvider.className is org.apache.zookeeper.metrics.impl.DefaultMetricsProvider
2026-05-13 18:23:43,801 [myid:] - INFO  [main:o.a.z.s.DatadirCleanupManager@78] - autopurge.snapRetainCount set to 3
2026-05-13 18:23:43,802 [myid:] - INFO  [main:o.a.z.s.DatadirCleanupManager@79] - autopurge.purgeInterval set to 0
2026-05-13 18:23:43,802 [myid:] - INFO  [main:o.a.z.s.DatadirCleanupManager@101] - Purge task is not scheduled.
2026-05-13 18:23:43,803 [myid:] - WARN  [main:o.a.z.s.q.QuorumPeerMain@139] - Either no config or no quorum defined in config, running in standalone mode
2026-05-13 18:23:43,807 [myid:] - INFO  [main:o.a.z.j.ManagedUtil@46] - Log4j 1.2 jmx support not found; jmx disabled.
2026-05-13 18:23:43,808 [myid:] - INFO  [main:o.a.z.s.q.QuorumPeerConfig@177] - Reading configuration from: /mnt/c/Users/李安璟/Desktop/Distributed-MiniSQL/apache-zookeeper-3.8.1-bin/bin/../conf/zoo.cfg
2026-05-13 18:23:43,819 [myid:] - INFO  [main:o.a.z.s.q.QuorumPeerConfig@440] - clientPortAddress is 0.0.0.0:2181
2026-05-13 18:23:43,819 [myid:] - INFO  [main:o.a.z.s.q.QuorumPeerConfig@444] - secureClientPort is not set
2026-05-13 18:23:43,820 [myid:] - INFO  [main:o.a.z.s.q.QuorumPeerConfig@460] - observerMasterPort is not set
2026-05-13 18:23:43,820 [myid:] - INFO  [main:o.a.z.s.q.QuorumPeerConfig@477] - metricsProvider.className is org.apache.zookeeper.metrics.impl.DefaultMetricsProvider
2026-05-13 18:23:43,820 [myid:] - INFO  [main:o.a.z.s.ZooKeeperServerMain@123] - Starting server
2026-05-13 18:23:43,847 [myid:] - INFO  [main:o.a.z.s.ServerMetrics@64] - ServerMetrics initialized with provider org.apache.zookeeper.metrics.impl.DefaultMetricsProvider@47eaca72
2026-05-13 18:23:43,858 [myid:] - INFO  [main:o.a.z.s.a.DigestAuthenticationProvider@47] - ACL digest algorithm is: SHA1
2026-05-13 18:23:43,858 [myid:] - INFO  [main:o.a.z.s.a.DigestAuthenticationProvider@61] - zookeeper.DigestAuthenticationProvider.enabled = true
2026-05-13 18:23:43,865 [myid:] - INFO  [main:o.a.z.s.p.FileTxnSnapLog@124] - zookeeper.snapshot.trust.empty : false
2026-05-13 18:23:43,894 [myid:] - INFO  [main:o.a.z.ZookeeperBanner@42] - 
2026-05-13 18:23:43,895 [myid:] - INFO  [main:o.a.z.ZookeeperBanner@42] -   ______                  _                                          
2026-05-13 18:23:43,895 [myid:] - INFO  [main:o.a.z.ZookeeperBanner@42] -  |___  /                 | |                                         
2026-05-13 18:23:43,895 [myid:] - INFO  [main:o.a.z.ZookeeperBanner@42] -     / /    ___     ___   | | __   ___    ___   _ __     ___   _ __   
2026-05-13 18:23:43,895 [myid:] - INFO  [main:o.a.z.ZookeeperBanner@42] -    / /    / _ \   / _ \  | |/ /  / _ \  / _ \ | '_ \   / _ \ | '__|
2026-05-13 18:23:43,896 [myid:] - INFO  [main:o.a.z.ZookeeperBanner@42] -   / /__  | (_) | | (_) | |   <  |  __/ |  __/ | |_) | |  __/ | |    
2026-05-13 18:23:43,896 [myid:] - INFO  [main:o.a.z.ZookeeperBanner@42] -  /_____|  \___/   \___/  |_|\_\  \___|  \___| | .__/   \___| |_|
2026-05-13 18:23:43,896 [myid:] - INFO  [main:o.a.z.ZookeeperBanner@42] -                                               | |                     
2026-05-13 18:23:43,897 [myid:] - INFO  [main:o.a.z.ZookeeperBanner@42] -                                               |_|                     
2026-05-13 18:23:43,897 [myid:] - INFO  [main:o.a.z.ZookeeperBanner@42] - 
2026-05-13 18:23:43,900 [myid:] - INFO  [main:o.a.z.Environment@98] - Server environment:zookeeper.version=3.8.1-74db005175a4ec545697012f9069cb9dcc8cdda7, built on 2023-01-25 16:31 UTC
2026-05-13 18:23:43,901 [myid:] - INFO  [main:o.a.z.Environment@98] - Server environment:host.name=LAJ.localdomain
2026-05-13 18:23:43,901 [myid:] - INFO  [main:o.a.z.Environment@98] - Server environment:java.version=11.0.30
2026-05-13 18:23:43,901 [myid:] - INFO  [main:o.a.z.Environment@98] - Server environment:java.vendor=Ubuntu
2026-05-13 18:23:43,902 [myid:] - INFO  [main:o.a.z.Environment@98] - Server environment:java.home=/usr/lib/jvm/java-11-openjdk-amd64
2026-05-13 18:23:43,902 [myid:] - INFO  [main:o.a.z.Environment@98] - Server environment:java.class.path=/mnt/c/Users/李安璟/Desktop/Distributed-MiniSQL/apache-zookeeper-3.8.1-bin/bin/../zookeeper-server/target/classes:/mnt/c/Users/李安璟/Desktop/Distributed-MiniSQL/apache-zookeeper-3.8.1-bin/bin/../build/classes:/mnt/c/Users/李安璟/Desktop/Distributed-MiniSQL/apache-zookeeper-3.8.1-bin/bin/../zookeeper-server/target/lib/*.jar:/mnt/c/Users/李安璟/Desktop/Distributed-MiniSQL/apache-zookeeper-3.8.1-bin/bin/../build/lib/*.jar:/mnt/c/Users/李安璟/Desktop/Distributed-MiniSQL/apache-zookeeper-3.8.1-bin/bin/../lib/zookeeper-prometheus-metrics-3.8.1.jar:/mnt/c/Users/李安璟/Desktop/Distributed-MiniSQL/apache-zookeeper-3.8.1-bin/bin/../lib/zookeeper-jute-3.8.1.jar:/mnt/c/Users/李安璟/Desktop/Distributed-MiniSQL/apache-zookeeper-3.8.1-bin/bin/../lib/zookeeper-3.8.1.jar:/mnt/c/Users/李安璟/Desktop/Distributed-MiniSQL/apache-zookeeper-3.8.1-bin/bin/../lib/snappy-java-1.1.7.7.jar:/mnt/c/Users/李安璟/Desktop/Distributed-MiniSQL/apache-zookeeper-3.8.1-bin/bin/../lib/slf4j-api-1.7.30.jar:/mnt/c/Users/李安璟/Desktop/Distributed-MiniSQL/apache-zookeeper-3.8.1-bin/bin/../lib/simpleclient_servlet-0.9.0.jar:/mnt/c/Users/李安璟/Desktop/Distributed-MiniSQL/apache-zookeeper-3.8.1-bin/bin/../lib/simpleclient_hotspot-0.9.0.jar:/mnt/c/Users/李安璟/Desktop/Distributed-MiniSQL/apache-zookeeper-3.8.1-bin/bin/../lib/simpleclient_common-0.9.0.jar:/mnt/c/Users/李安璟/Desktop/Distributed-MiniSQL/apache-zookeeper-3.8.1-bin/bin/../lib/simpleclient-0.9.0.jar:/mnt/c/Users/李安璟/Desktop/Distributed-MiniSQL/apache-zookeeper-3.8.1-bin/bin/../lib/netty-transport-native-unix-common-4.1.86.Final.jar:/mnt/c/Users/李安璟/Desktop/Distributed-MiniSQL/apache-zookeeper-3.8.1-bin/bin/../lib/netty-transport-native-epoll-4.1.86.Final.jar:/mnt/c/Users/李安璟/Desktop/Distributed-MiniSQL/apache-zookeeper-3.8.1-bin/bin/../lib/netty-transport-classes-epoll-4.1.86.Final.jar:/mnt/c/Users/李安璟/Desktop/Distributed-MiniSQL/apache-zookeeper-3.8.1-bin/bin/../lib/netty-transport-4.1.86.Final.jar:/mnt/c/Users/李安璟/Desktop/Distributed-MiniSQL/apache-zookeeper-3.8.1-bin/bin/../lib/netty-resolver-4.1.86.Final.jar:/mnt/c/Users/李安璟/Desktop/Distributed-MiniSQL/apache-zookeeper-3.8.1-bin/bin/../lib/netty-handler-4.1.86.Final.jar:/mnt/c/Users/李安璟/Desktop/Distributed-MiniSQL/apache-zookeeper-3.8.1-bin/bin/../lib/netty-common-4.1.86.Final.jar:/mnt/c/Users/李安璟/Desktop/Distributed-MiniSQL/apache-zookeeper-3.8.1-bin/bin/../lib/netty-codec-4.1.86.Final.jar:/mnt/c/Users/李安璟/Desktop/Distributed-MiniSQL/apache-zookeeper-3.8.1-bin/bin/../lib/netty-buffer-4.1.86.Final.jar:/mnt/c/Users/李安璟/Desktop/Distributed-MiniSQL/apache-zookeeper-3.8.1-bin/bin/../lib/metrics-core-4.1.12.1.jar:/mnt/c/Users/李安璟/Desktop/Distributed-MiniSQL/apache-zookeeper-3.8.1-bin/bin/../lib/logback-core-1.2.10.jar:/mnt/c/Users/李安璟/Desktop/Distributed-MiniSQL/apache-zookeeper-3.8.1-bin/bin/../lib/logback-classic-1.2.10.jar:/mnt/c/Users/李安璟/Desktop/Distributed-MiniSQL/apache-zookeeper-3.8.1-bin/bin/../lib/jline-2.14.6.jar:/mnt/c/Users/李安璟/Desktop/Distributed-MiniSQL/apache-zookeeper-3.8.1-bin/bin/../lib/jetty-util-ajax-9.4.49.v20220914.jar:/mnt/c/Users/李安璟/Desktop/Distributed-MiniSQL/apache-zookeeper-3.8.1-bin/bin/../lib/jetty-util-9.4.49.v20220914.jar:/mnt/c/Users/李安璟/Desktop/Distributed-MiniSQL/apache-zookeeper-3.8.1-bin/bin/../lib/jetty-servlet-9.4.49.v20220914.jar:/mnt/c/Users/李安璟/Desktop/Distributed-MiniSQL/apache-zookeeper-3.8.1-bin/bin/../lib/jetty-server-9.4.49.v20220914.jar:/mnt/c/Users/李安璟/Desktop/Distributed-MiniSQL/apache-zookeeper-3.8.1-bin/bin/../lib/jetty-security-9.4.49.v20220914.jar:/mnt/c/Users/李安璟/Desktop/Distributed-MiniSQL/apache-zookeeper-3.8.1-bin/bin/../lib/jetty-io-9.4.49.v20220914.jar:/mnt/c/Users/李安璟/Desktop/Distributed-MiniSQL/apache-zookeeper-3.8.1-bin/bin/../lib/jetty-http-9.4.49.v20220914.jar:/mnt/c/Users/李安璟/Desktop/Distributed-MiniSQL/apache-zookeeper-3.8.1-bin/bin/../lib/javax.servlet-api-3.1.0.jar:/mnt/c/Users/李安璟/Desktop/Distributed-MiniSQL/apache-zookeeper-3.8.1-bin/bin/../lib/jackson-databind-2.13.4.2.jar:/mnt/c/Users/李安璟/Desktop/Distributed-MiniSQL/apache-zookeeper-3.8.1-bin/bin/../lib/jackson-core-2.13.4.jar:/mnt/c/Users/李安璟/Desktop/Distributed-MiniSQL/apache-zookeeper-3.8.1-bin/bin/../lib/jackson-annotations-2.13.4.jar:/mnt/c/Users/李安璟/Desktop/Distributed-MiniSQL/apache-zookeeper-3.8.1-bin/bin/../lib/commons-io-2.11.0.jar:/mnt/c/Users/李安璟/Desktop/Distributed-MiniSQL/apache-zookeeper-3.8.1-bin/bin/../lib/commons-cli-1.5.0.jar:/mnt/c/Users/李安璟/Desktop/Distributed-MiniSQL/apache-zookeeper-3.8.1-bin/bin/../lib/audience-annotations-0.12.0.jar:/mnt/c/Users/李安璟/Desktop/Distributed-MiniSQL/apache-zookeeper-3.8.1-bin/bin/../zookeeper-*.jar:/mnt/c/Users/李安璟/Desktop/Distributed-MiniSQL/apache-zookeeper-3.8.1-bin/bin/../zookeeper-server/src/main/resources/lib/*.jar:/mnt/c/Users/李安璟/Desktop/Distributed-MiniSQL/apache-zookeeper-3.8.1-bin/bin/../conf:
2026-05-13 18:23:43,902 [myid:] - INFO  [main:o.a.z.Environment@98] - Server environment:java.library.path=/usr/java/packages/lib:/usr/lib/x86_64-linux-gnu/jni:/lib/x86_64-linux-gnu:/usr/lib/x86_64-linux-gnu:/usr/lib/jni:/lib:/usr/lib
2026-05-13 18:23:43,902 [myid:] - INFO  [main:o.a.z.Environment@98] - Server environment:java.io.tmpdir=/tmp
2026-05-13 18:23:43,903 [myid:] - INFO  [main:o.a.z.Environment@98] - Server environment:java.compiler=<NA>
2026-05-13 18:23:43,903 [myid:] - INFO  [main:o.a.z.Environment@98] - Server environment:os.name=Linux
2026-05-13 18:23:43,904 [myid:] - INFO  [main:o.a.z.Environment@98] - Server environment:os.arch=amd64
2026-05-13 18:23:43,904 [myid:] - INFO  [main:o.a.z.Environment@98] - Server environment:os.version=6.6.114.1-microsoft-standard-WSL2
2026-05-13 18:23:43,904 [myid:] - INFO  [main:o.a.z.Environment@98] - Server environment:user.name=laj
2026-05-13 18:23:43,905 [myid:] - INFO  [main:o.a.z.Environment@98] - Server environment:user.home=/home/laj
2026-05-13 18:23:43,905 [myid:] - INFO  [main:o.a.z.Environment@98] - Server environment:user.dir=/mnt/c/Users/李安璟/Desktop/Distributed-MiniSQL/apache-zookeeper-3.8.1-bin
2026-05-13 18:23:43,905 [myid:] - INFO  [main:o.a.z.Environment@98] - Server environment:os.memory.free=100MB
2026-05-13 18:23:43,905 [myid:] - INFO  [main:o.a.z.Environment@98] - Server environment:os.memory.max=1000MB
2026-05-13 18:23:43,906 [myid:] - INFO  [main:o.a.z.Environment@98] - Server environment:os.memory.total=120MB
2026-05-13 18:23:43,906 [myid:] - INFO  [main:o.a.z.s.ZooKeeperServer@140] - zookeeper.enableEagerACLCheck = false
2026-05-13 18:23:43,906 [myid:] - INFO  [main:o.a.z.s.ZooKeeperServer@153] - zookeeper.digest.enabled = true
2026-05-13 18:23:43,906 [myid:] - INFO  [main:o.a.z.s.ZooKeeperServer@157] - zookeeper.closeSessionTxn.enabled = true
2026-05-13 18:23:43,907 [myid:] - INFO  [main:o.a.z.s.ZooKeeperServer@1510] - zookeeper.flushDelay = 0 ms
2026-05-13 18:23:43,907 [myid:] - INFO  [main:o.a.z.s.ZooKeeperServer@1519] - zookeeper.maxWriteQueuePollTime = 0 ms
2026-05-13 18:23:43,907 [myid:] - INFO  [main:o.a.z.s.ZooKeeperServer@1528] - zookeeper.maxBatchSize=1000
2026-05-13 18:23:43,908 [myid:] - INFO  [main:o.a.z.s.ZooKeeperServer@275] - zookeeper.intBufferStartingSizeBytes = 1024
2026-05-13 18:23:43,909 [myid:] - INFO  [main:o.a.z.s.BlueThrottle@141] - Weighed connection throttling is disabled
2026-05-13 18:23:43,912 [myid:] - INFO  [main:o.a.z.s.ZooKeeperServer@1311] - minSessionTimeout set to 4000 ms
2026-05-13 18:23:43,913 [myid:] - INFO  [main:o.a.z.s.ZooKeeperServer@1320] - maxSessionTimeout set to 40000 ms
2026-05-13 18:23:43,915 [myid:] - INFO  [main:o.a.z.s.ResponseCache@45] - getData response cache size is initialized with value 400.
2026-05-13 18:23:43,915 [myid:] - INFO  [main:o.a.z.s.ResponseCache@45] - getChildren response cache size is initialized with value 400.
2026-05-13 18:23:43,917 [myid:] - INFO  [main:o.a.z.s.u.RequestPathMetricsCollector@109] - zookeeper.pathStats.slotCapacity = 60
2026-05-13 18:23:43,917 [myid:] - INFO  [main:o.a.z.s.u.RequestPathMetricsCollector@110] - zookeeper.pathStats.slotDuration = 15
2026-05-13 18:23:43,918 [myid:] - INFO  [main:o.a.z.s.u.RequestPathMetricsCollector@111] - zookeeper.pathStats.maxDepth = 6
2026-05-13 18:23:43,918 [myid:] - INFO  [main:o.a.z.s.u.RequestPathMetricsCollector@112] - zookeeper.pathStats.initialDelay = 5
2026-05-13 18:23:43,918 [myid:] - INFO  [main:o.a.z.s.u.RequestPathMetricsCollector@113] - zookeeper.pathStats.delay = 5
2026-05-13 18:23:43,919 [myid:] - INFO  [main:o.a.z.s.u.RequestPathMetricsCollector@114] - zookeeper.pathStats.enabled = false
2026-05-13 18:23:43,923 [myid:] - INFO  [main:o.a.z.s.ZooKeeperServer@1547] - The max bytes for all large requests are set to 104857600
2026-05-13 18:23:43,924 [myid:] - INFO  [main:o.a.z.s.ZooKeeperServer@1561] - The large request threshold is set to -1
2026-05-13 18:23:43,925 [myid:] - INFO  [main:o.a.z.s.AuthenticationHelper@66] - zookeeper.enforce.auth.enabled = false
2026-05-13 18:23:43,926 [myid:] - INFO  [main:o.a.z.s.AuthenticationHelper@67] - zookeeper.enforce.auth.schemes = []
2026-05-13 18:23:43,926 [myid:] - INFO  [main:o.a.z.s.ZooKeeperServer@376] - Created server with tickTime 2000 ms minSessionTimeout 4000 ms maxSessionTimeout 40000 ms clientPortListenBacklog -1 datadir /tmp/zookeeper/version-2 snapdir /tmp/zookeeper/version-2
2026-05-13 18:23:43,984 [myid:] - INFO  [main:o.e.j.u.l.Log@170] - Logging initialized @1187ms to org.eclipse.jetty.util.log.Slf4jLog
2026-05-13 18:23:44,123 [myid:] - WARN  [main:o.e.j.s.h.ContextHandler@1662] - o.e.j.s.ServletContextHandler@1151e434{/,null,STOPPED} contextPath ends with /*
2026-05-13 18:23:44,124 [myid:] - WARN  [main:o.e.j.s.h.ContextHandler@1673] - Empty contextPath
2026-05-13 18:23:44,165 [myid:] - INFO  [main:o.e.j.s.Server@375] - jetty-9.4.49.v20220914; built: 2022-09-14T01:07:36.601Z; git: 4231a3b2e4cb8548a412a789936d640a97b1aa0a; jvm 11.0.30+7-post-Ubuntu-1ubuntu124.04
2026-05-13 18:23:44,208 [myid:] - INFO  [main:o.e.j.s.s.DefaultSessionIdManager@334] - DefaultSessionIdManager workerName=node0
2026-05-13 18:23:44,209 [myid:] - INFO  [main:o.e.j.s.s.DefaultSessionIdManager@339] - No SessionScavenger set, using defaults
2026-05-13 18:23:44,210 [myid:] - INFO  [main:o.e.j.s.s.HouseKeeper@132] - node0 Scavenging every 660000ms
2026-05-13 18:23:44,215 [myid:] - WARN  [main:o.e.j.s.ConstraintSecurityHandler@759] - ServletContext@o.e.j.s.ServletContextHandler@1151e434{/,null,STARTING} has uncovered http methods for path: /*
2026-05-13 18:23:44,233 [myid:] - INFO  [main:o.e.j.s.h.ContextHandler@921] - Started o.e.j.s.ServletContextHandler@1151e434{/,null,AVAILABLE}
2026-05-13 18:23:44,256 [myid:] - INFO  [main:o.e.j.s.AbstractConnector@333] - Started ServerConnector@50b5ac82{HTTP/1.1, (http/1.1)}{0.0.0.0:8080}
2026-05-13 18:23:44,257 [myid:] - INFO  [main:o.e.j.s.Server@415] - Started @1461ms
2026-05-13 18:23:44,257 [myid:] - INFO  [main:o.a.z.s.a.JettyAdminServer@196] - Started AdminServer on address 0.0.0.0, port 8080 and command URL /commands
2026-05-13 18:23:44,265 [myid:] - INFO  [main:o.a.z.s.ServerCnxnFactory@169] - Using org.apache.zookeeper.server.NIOServerCnxnFactory as server connection factory
2026-05-13 18:23:44,267 [myid:] - WARN  [main:o.a.z.s.ServerCnxnFactory@309] - maxCnxns is not configured, using default value 0.
2026-05-13 18:23:44,270 [myid:] - INFO  [main:o.a.z.s.NIOServerCnxnFactory@652] - Configuring NIO connection handler with 10s sessionless connection timeout, 2 selector thread(s), 32 worker threads, and 64 kB direct buffers.
2026-05-13 18:23:44,273 [myid:] - INFO  [main:o.a.z.s.NIOServerCnxnFactory@660] - binding to port 0.0.0.0/0.0.0.0:2181
2026-05-13 18:23:44,297 [myid:] - INFO  [main:o.a.z.s.w.WatchManagerFactory@42] - Using org.apache.zookeeper.server.watch.WatchManager as watch manager
2026-05-13 18:23:44,297 [myid:] - INFO  [main:o.a.z.s.w.WatchManagerFactory@42] - Using org.apache.zookeeper.server.watch.WatchManager as watch manager
2026-05-13 18:23:44,299 [myid:] - INFO  [main:o.a.z.s.ZKDatabase@132] - zookeeper.snapshotSizeFactor = 0.33
2026-05-13 18:23:44,299 [myid:] - INFO  [main:o.a.z.s.ZKDatabase@152] - zookeeper.commitLogCount=500
2026-05-13 18:23:44,309 [myid:] - INFO  [main:o.a.z.s.p.SnapStream@61] - zookeeper.snapshot.compression.method = CHECKED
2026-05-13 18:23:44,310 [myid:] - INFO  [main:o.a.z.s.p.FileTxnSnapLog@479] - Snapshotting: 0x0 to /tmp/zookeeper/version-2/snapshot.0
2026-05-13 18:23:44,314 [myid:] - INFO  [main:o.a.z.s.ZKDatabase@289] - Snapshot loaded in 15 ms, highest zxid is 0x0, digest is 1371985504
2026-05-13 18:23:44,316 [myid:] - INFO  [main:o.a.z.s.p.FileTxnSnapLog@479] - Snapshotting: 0x0 to /tmp/zookeeper/version-2/snapshot.0
2026-05-13 18:23:44,317 [myid:] - INFO  [main:o.a.z.s.ZooKeeperServer@558] - Snapshot taken in 1 ms
2026-05-13 18:23:44,336 [myid:] - INFO  [main:o.a.z.s.RequestThrottler@75] - zookeeper.request_throttler.shutdownTimeout = 10000 ms
2026-05-13 18:23:44,335 [myid:] - INFO  [ProcessThread(sid:0 cport:2181)::o.a.z.s.PrepRequestProcessor@138] - PrepRequestProcessor (sid:0) started, reconfigEnabled=false
2026-05-13 18:23:44,352 [myid:] - INFO  [main:o.a.z.s.ContainerManager@84] - Using checkIntervalMs=60000 maxPerMinute=10000 maxNeverUsedIntervalMs=0
2026-05-13 18:23:44,354 [myid:] - INFO  [main:o.a.z.a.ZKAuditProvider@42] - ZooKeeper audit is disabled.
2026-05-13 18:23:54,491 [myid:] - INFO  [NIOWorkerThread-1:o.a.z.s.c.FourLetterCommands@223] - The list of known four letter word commands is : [{1936881266=srvr, 1937006964=stat, 2003003491=wchc, 1685417328=dump, 1668445044=crst, 1936880500=srst, 1701738089=envi, 1668247142=conf, -720899=telnet close, 1751217000=hash, 2003003507=wchs, 2003003504=wchp, 1684632179=dirs, 1668247155=cons, 1835955314=mntr, 1769173615=isro, 1920298859=ruok, 1735683435=gtmk, 1937010027=stmk}]
2026-05-13 18:23:54,492 [myid:] - INFO  [NIOWorkerThread-1:o.a.z.s.c.FourLetterCommands@224] - The list of enabled four letter word commands is : [[srvr]]
2026-05-13 18:23:54,492 [myid:] - INFO  [NIOWorkerThread-1:o.a.z.s.NIOServerCnxn@522] - Processing srvr command from /127.0.0.1:45494
